mode: set
axiom_shift/internal/game/battle.go:13.96,19.2 1 1
axiom_shift/internal/game/battle.go:21.76,32.2 4 1
axiom_shift/internal/game/battle.go:34.58,47.2 6 1
axiom_shift/internal/game/enemy.go:10.78,16.2 1 1
axiom_shift/internal/game/enemy.go:19.24,21.37 1 1
axiom_shift/internal/game/enemy.go:21.37,22.38 1 1
axiom_shift/internal/game/enemy.go:22.38,24.4 1 1
axiom_shift/internal/game/enemy.go:29.37,31.2 1 1
axiom_shift/internal/game/game.go:14.22,19.2 1 0
axiom_shift/internal/game/game.go:21.31,25.2 1 0
axiom_shift/internal/game/game.go:27.43,31.2 1 0
axiom_shift/internal/game/game.go:33.67,35.2 1 0
axiom_shift/internal/game/matrix.go:10.40,12.22 2 1
axiom_shift/internal/game/matrix.go:12.22,14.3 1 1
axiom_shift/internal/game/matrix.go:15.2,15.52 1 1
axiom_shift/internal/game/matrix.go:19.45,20.50 1 1
axiom_shift/internal/game/matrix.go:20.50,22.3 1 1
axiom_shift/internal/game/matrix.go:23.2,24.30 2 1
axiom_shift/internal/game/matrix.go:24.30,25.31 1 1
axiom_shift/internal/game/matrix.go:25.31,27.4 1 1
axiom_shift/internal/game/matrix.go:29.2,29.15 1 1
axiom_shift/internal/game/matrix.go:33.50,34.50 1 1
axiom_shift/internal/game/matrix.go:34.50,36.3 1 1
axiom_shift/internal/game/matrix.go:37.2,38.30 2 1
axiom_shift/internal/game/matrix.go:38.30,39.31 1 1
axiom_shift/internal/game/matrix.go:39.31,41.4 1 1
axiom_shift/internal/game/matrix.go:43.2,43.15 1 1
axiom_shift/internal/game/matrix.go:47.50,48.26 1 1
axiom_shift/internal/game/matrix.go:48.26,50.3 1 1
axiom_shift/internal/game/matrix.go:51.2,52.30 2 1
axiom_shift/internal/game/matrix.go:52.30,53.35 1 1
axiom_shift/internal/game/matrix.go:53.35,54.32 1 1
axiom_shift/internal/game/matrix.go:54.32,56.5 1 1
axiom_shift/internal/game/matrix.go:59.2,59.15 1 1
axiom_shift/internal/game/matrix.go:63.57,65.30 2 1
axiom_shift/internal/game/matrix.go:65.30,66.31 1 1
axiom_shift/internal/game/matrix.go:66.31,68.4 1 1
axiom_shift/internal/game/matrix.go:70.2,70.15 1 1
axiom_shift/internal/game/matrix.go:74.44,75.58 1 1
axiom_shift/internal/game/matrix.go:75.58,77.3 1 1
axiom_shift/internal/game/matrix.go:78.2,78.25 1 1
axiom_shift/internal/game/matrix.go:82.51,83.58 1 1
axiom_shift/internal/game/matrix.go:83.58,85.3 1 1
axiom_shift/internal/game/matrix.go:89.43,92.30 3 1
axiom_shift/internal/game/matrix.go:92.30,93.31 1 1
axiom_shift/internal/game/matrix.go:93.31,96.4 2 1
axiom_shift/internal/game/matrix.go:98.2,98.16 1 1
axiom_shift/internal/game/matrix.go:98.16,100.3 1 1
axiom_shift/internal/game/matrix.go:101.2,101.29 1 1
axiom_shift/internal/game/player.go:9.72,14.2 1 1
axiom_shift/internal/game/player.go:17.49,19.42 1 1
axiom_shift/internal/game/player.go:19.42,20.43 1 1
axiom_shift/internal/game/player.go:20.43,22.4 1 1
axiom_shift/internal/game/player.go:27.41,29.2 1 1
